
Showing logs for build [32mcb-kubecd-environment-pr-193-33-gtqr5-1[0m stage [32mfrom-build-pack[0m and container [32mstep-credential-initializer-fdtn7[0m
{"level":"warn","ts":1585895803.9126158,"logger":"fallback-logger","caller":"logging/config.go:69","msg":"Fetch GitHub commit ID from kodata failed: \"ref: refs/heads/0.8.0-**-support-backwards-incompats\" is not a valid GitHub commit ID"}
{"level":"info","ts":1585895803.9134257,"logger":"fallback-logger","caller":"creds-init/main.go:40","msg":"Credentials initialized."}

Showing logs for build [32mcb-kubecd-environment-pr-193-33-gtqr5-1[0m stage [32mfrom-build-pack[0m and container [32mstep-working-dir-initializer-6bsn4[0m
{"level":"warn","ts":1585895804.8665538,"logger":"fallback-logger","caller":"logging/config.go:69","msg":"Fetch GitHub commit ID from kodata failed: open /var/run/ko/HEAD: no such file or directory"}
{"level":"info","ts":1585895804.8709323,"logger":"fallback-logger","caller":"bash/main.go:64","msg":"Successfully executed command \"sh -c mkdir -p /workspace/source\"; output "}

Showing logs for build [32mcb-kubecd-environment-pr-193-33-gtqr5-1[0m stage [32mfrom-build-pack[0m and container [32mstep-place-tools[0m

Showing logs for build [32mcb-kubecd-environment-pr-193-33-gtqr5-1[0m stage [32mfrom-build-pack[0m and container [32mstep-git-source-cb-kubecd-environment-pr-193-33-gtqr5-ltwmd[0m
{"level":"warn","ts":1585895808.0014474,"logger":"fallback-logger","caller":"logging/config.go:69","msg":"Fetch GitHub commit ID from kodata failed: \"ref: refs/heads/0.8.0-**-support-backwards-incompats\" is not a valid GitHub commit ID"}
{"level":"info","ts":1585895809.007953,"logger":"fallback-logger","caller":"git/git.go:103","msg":"Successfully cloned https://github.com/cb-kubecd/environment-pr-193-33-boot-gke-production.git @ master in path /workspace/source"}

Showing logs for build [32mcb-kubecd-environment-pr-193-33-gtqr5-1[0m stage [32mfrom-build-pack[0m and container [32mstep-git-merge[0m
Using SHAs from PULL_REFS=master:ad5e1182484e1decf6db84382bd7cd5565f14da9,1:365c1945722ee275ca00b64634778ec905f07266
DEBUG: LC_ALL=C JX_LOG_LEVEL=error git fetch origin --unshallow 365c1945722ee275ca00b64634778ec905f07266: ad5e1182484e1decf6db84382bd7cd5565f14da9:
DEBUG: ran git fetch --unshallow origin 365c1945722ee275ca00b64634778ec905f07266: ad5e1182484e1decf6db84382bd7cd5565f14da9: in 
DEBUG: LC_ALL=C JX_LOG_LEVEL=error git branch
DEBUG: JX_LOG_LEVEL=error LC_ALL=C git checkout master
DEBUG: ran git checkout master in 
DEBUG: LC_ALL=C JX_LOG_LEVEL=error git reset --hard ad5e1182484e1decf6db84382bd7cd5565f14da9
DEBUG: ran git reset --hard ad5e1182484e1decf6db84382bd7cd5565f14da9 in 
DEBUG: LC_ALL=C JX_LOG_LEVEL=error git clean -fd .
DEBUG: ran clean --force -d . in 
DEBUG: LC_ALL=C JX_LOG_LEVEL=error git merge 365c1945722ee275ca00b64634778ec905f07266
DEBUG: ran git merge 365c1945722ee275ca00b64634778ec905f07266 in 
DEBUG: LC_ALL=C JX_LOG_LEVEL=error git log --format=%H%x1f%an%x1f%ae%x1f%cn%x1f%ce%x1f%s%n%b%x1e ad5e1182484e1decf6db84382bd7cd5565f14da9..HEAD
Merged SHA 365c1945722ee275ca00b64634778ec905f07266 with commit message 'chore: Promote bdd-spring-1585894996 to version 0.0.1' into base branch master

Showing logs for build [32mcb-kubecd-environment-pr-193-33-gtqr5-1[0m stage [32mfrom-build-pack[0m and container [32mstep-build-helm-build[0m
WARNING: No $CHART_REPOSITORY defined so using the default value of: http://jenkins-x-chartmuseum:8080
Adding missing Helm repo: storage.googleapis.com https://storage.googleapis.com/chartmuseum.jenkins-x.io
WARNING: No secrets found on "helm/repos" due: reading the secret "helm/repos" from vault: no secret "helm/repos" not found in vault
Read credentials for https://storage.googleapis.com/chartmuseum.jenkins-x.io from vault helm/repos
Successfully added Helm repository storage.googleapis.com.
Adding missing Helm repo: jenkins-x-chartmuseum http://jenkins-x-chartmuseum:8080
WARNING: No secrets found on "helm/repos" due: reading the secret "helm/repos" from vault: no secret "helm/repos" not found in vault
Read credentials for http://jenkins-x-chartmuseum:8080 from vault helm/repos
Successfully added Helm repository jenkins-x-chartmuseum.
WARNING: No $CHART_REPOSITORY defined so using the default value of: http://jenkins-x-chartmuseum:8080
Adding missing Helm repo: chartmuseum.jenkins-x.io http://chartmuseum.jenkins-x.io
WARNING: No secrets found on "helm/repos" due: reading the secret "helm/repos" from vault: no secret "helm/repos" not found in vault
Read credentials for http://chartmuseum.jenkins-x.io from vault helm/repos
Successfully added Helm repository chartmuseum.jenkins-x.io.
